<?xml version="1.0" encoding="UTF-8"?>
<testng-results ignored="0" total="6" passed="6" failed="0" skipped="0">
  <reporter-output>
  </reporter-output>
  <suite started-at="2024-12-03T15:16:49 GMT" name="vendor-portal" finished-at="2024-12-03T15:17:02 GMT" duration-ms="12306">
    <groups>
    </groups>
    <test started-at="2024-12-03T15:16:49 GMT" name="user-mike" finished-at="2024-12-03T15:17:02 GMT" duration-ms="12306">
      <class name="udemy.tests.vendorportal.VendorPortalTest">
        <test-method is-config="true" signature="setDriver(org.testng.ITestContext)[pri:0, instance:udemy.tests.vendorportal.VendorPortalTest@488d1cd7]" started-at="2024-12-03T15:16:49 GMT" name="setDriver" finished-at="2024-12-03T15:16:52 GMT" duration-ms="2697" status="PASS">
          <params>
            <param index="0">
              <value>
                <![CDATA[org.testng.TestRunner@64a40280]]>
              </value>
            </param>
          </params>
          <reporter-output>
          </reporter-output>
        </test-method> <!-- setDriver -->
        <test-method is-config="true" signature="setPageObjects(java.lang.String)[pri:0, instance:udemy.tests.vendorportal.VendorPortalTest@488d1cd7]" started-at="2024-12-03T15:16:52 GMT" name="setPageObjects" finished-at="2024-12-03T15:16:52 GMT" depends-on-methods="udemy.tests.BaseTest.setDriver" duration-ms="270" status="PASS">
          <params>
            <param index="0">
              <value>
                <![CDATA[test-data/vendor-portal/mike.json]]>
              </value>
            </param>
          </params>
          <reporter-output>
          </reporter-output>
        </test-method> <!-- setPageObjects -->
        <test-method signature="loginTest()[pri:0, instance:udemy.tests.vendorportal.VendorPortalTest@488d1cd7]" started-at="2024-12-03T15:16:52 GMT" name="loginTest" finished-at="2024-12-03T15:16:56 GMT" duration-ms="3142" status="PASS">
          <reporter-output>
          </reporter-output>
        </test-method> <!-- loginTest -->
        <test-method signature="dashboardTest()[pri:0, instance:udemy.tests.vendorportal.VendorPortalTest@488d1cd7]" started-at="2024-12-03T15:16:56 GMT" name="dashboardTest" finished-at="2024-12-03T15:17:02 GMT" depends-on-methods="udemy.tests.vendorportal.VendorPortalTest.loginTest" duration-ms="6044" status="PASS">
          <reporter-output>
          </reporter-output>
        </test-method> <!-- dashboardTest -->
        <test-method is-config="true" signature="tearDown()[pri:0, instance:udemy.tests.vendorportal.VendorPortalTest@488d1cd7]" started-at="2024-12-03T15:17:02 GMT" name="tearDown" finished-at="2024-12-03T15:17:02 GMT" duration-ms="123" status="PASS">
          <reporter-output>
          </reporter-output>
        </test-method> <!-- tearDown -->
      </class> <!-- udemy.tests.vendorportal.VendorPortalTest -->
    </test> <!-- user-mike -->
    <test started-at="2024-12-03T15:16:49 GMT" name="user-sam" finished-at="2024-12-03T15:17:02 GMT" duration-ms="12305">
      <class name="udemy.tests.vendorportal.VendorPortalTest">
        <test-method is-config="true" signature="setDriver(org.testng.ITestContext)[pri:0, instance:udemy.tests.vendorportal.VendorPortalTest@6cb6decd]" started-at="2024-12-03T15:16:49 GMT" name="setDriver" finished-at="2024-12-03T15:16:52 GMT" duration-ms="2697" status="PASS">
          <params>
            <param index="0">
              <value>
                <![CDATA[org.testng.TestRunner@3d3e5463]]>
              </value>
            </param>
          </params>
          <reporter-output>
          </reporter-output>
        </test-method> <!-- setDriver -->
        <test-method is-config="true" signature="setPageObjects(java.lang.String)[pri:0, instance:udemy.tests.vendorportal.VendorPortalTest@6cb6decd]" started-at="2024-12-03T15:16:52 GMT" name="setPageObjects" finished-at="2024-12-03T15:16:52 GMT" depends-on-methods="udemy.tests.BaseTest.setDriver" duration-ms="270" status="PASS">
          <params>
            <param index="0">
              <value>
                <![CDATA[test-data/vendor-portal/sam.json]]>
              </value>
            </param>
          </params>
          <reporter-output>
          </reporter-output>
        </test-method> <!-- setPageObjects -->
        <test-method signature="loginTest()[pri:0, instance:udemy.tests.vendorportal.VendorPortalTest@6cb6decd]" started-at="2024-12-03T15:16:52 GMT" name="loginTest" finished-at="2024-12-03T15:16:56 GMT" duration-ms="3156" status="PASS">
          <reporter-output>
          </reporter-output>
        </test-method> <!-- loginTest -->
        <test-method signature="dashboardTest()[pri:0, instance:udemy.tests.vendorportal.VendorPortalTest@6cb6decd]" started-at="2024-12-03T15:16:56 GMT" name="dashboardTest" finished-at="2024-12-03T15:17:02 GMT" depends-on-methods="udemy.tests.vendorportal.VendorPortalTest.loginTest" duration-ms="5965" status="PASS">
          <reporter-output>
          </reporter-output>
        </test-method> <!-- dashboardTest -->
        <test-method is-config="true" signature="tearDown()[pri:0, instance:udemy.tests.vendorportal.VendorPortalTest@6cb6decd]" started-at="2024-12-03T15:17:02 GMT" name="tearDown" finished-at="2024-12-03T15:17:02 GMT" duration-ms="191" status="PASS">
          <reporter-output>
          </reporter-output>
        </test-method> <!-- tearDown -->
      </class> <!-- udemy.tests.vendorportal.VendorPortalTest -->
    </test> <!-- user-sam -->
    <test started-at="2024-12-03T15:16:49 GMT" name="user-john" finished-at="2024-12-03T15:17:02 GMT" duration-ms="12306">
      <class name="udemy.tests.vendorportal.VendorPortalTest">
        <test-method is-config="true" signature="setupConfig()[pri:0, instance:udemy.tests.vendorportal.VendorPortalTest@38ba6ce3]" started-at="2024-12-03T15:16:49 GMT" name="setupConfig" finished-at="2024-12-03T15:16:49 GMT" duration-ms="8" status="PASS">
          <reporter-output>
          </reporter-output>
        </test-method> <!-- setupConfig -->
        <test-method is-config="true" signature="setDriver(org.testng.ITestContext)[pri:0, instance:udemy.tests.vendorportal.VendorPortalTest@38ba6ce3]" started-at="2024-12-03T15:16:49 GMT" name="setDriver" finished-at="2024-12-03T15:16:52 GMT" duration-ms="2697" status="PASS">
          <params>
            <param index="0">
              <value>
                <![CDATA[org.testng.TestRunner@4b40f651]]>
              </value>
            </param>
          </params>
          <reporter-output>
          </reporter-output>
        </test-method> <!-- setDriver -->
        <test-method is-config="true" signature="setPageObjects(java.lang.String)[pri:0, instance:udemy.tests.vendorportal.VendorPortalTest@38ba6ce3]" started-at="2024-12-03T15:16:52 GMT" name="setPageObjects" finished-at="2024-12-03T15:16:52 GMT" depends-on-methods="udemy.tests.BaseTest.setDriver" duration-ms="270" status="PASS">
          <params>
            <param index="0">
              <value>
                <![CDATA[test-data/vendor-portal/john.json]]>
              </value>
            </param>
          </params>
          <reporter-output>
          </reporter-output>
        </test-method> <!-- setPageObjects -->
        <test-method signature="loginTest()[pri:0, instance:udemy.tests.vendorportal.VendorPortalTest@38ba6ce3]" started-at="2024-12-03T15:16:52 GMT" name="loginTest" finished-at="2024-12-03T15:16:56 GMT" duration-ms="3142" status="PASS">
          <reporter-output>
          </reporter-output>
        </test-method> <!-- loginTest -->
        <test-method signature="dashboardTest()[pri:0, instance:udemy.tests.vendorportal.VendorPortalTest@38ba6ce3]" started-at="2024-12-03T15:16:56 GMT" name="dashboardTest" finished-at="2024-12-03T15:17:02 GMT" depends-on-methods="udemy.tests.vendorportal.VendorPortalTest.loginTest" duration-ms="5965" status="PASS">
          <reporter-output>
          </reporter-output>
        </test-method> <!-- dashboardTest -->
        <test-method is-config="true" signature="tearDown()[pri:0, instance:udemy.tests.vendorportal.VendorPortalTest@38ba6ce3]" started-at="2024-12-03T15:17:02 GMT" name="tearDown" finished-at="2024-12-03T15:17:02 GMT" duration-ms="191" status="PASS">
          <reporter-output>
          </reporter-output>
        </test-method> <!-- tearDown -->
      </class> <!-- udemy.tests.vendorportal.VendorPortalTest -->
    </test> <!-- user-john -->
  </suite> <!-- vendor-portal -->
</testng-results>
